{
  "stats": {
    "suites": 1,
    "tests": 1,
    "passes": 0,
    "pending": 0,
    "failures": 1,
    "start": "2023-03-03T12:29:19.999Z",
    "end": "2023-03-03T12:29:27.576Z",
    "duration": 7577,
    "testsRegistered": 1,
    "passPercent": 0,
    "pendingPercent": 0,
    "other": 0,
    "hasOther": false,
    "skipped": 0,
    "hasSkipped": false
  },
  "results": [
    {
      "uuid": "507469d7-d4e3-4aed-9f60-b5b2e55bebf5",
      "title": "",
      "fullFile": "cypress\\e2e\\testNoPageIndex.cy.ts",
      "file": "cypress\\e2e\\testNoPageIndex.cy.ts",
      "beforeHooks": [],
      "afterHooks": [],
      "tests": [],
      "suites": [
        {
          "uuid": "10fb72e1-a907-41f2-8fa6-59a6316c02aa",
          "title": "Google Navigation",
          "fullFile": "",
          "file": "",
          "beforeHooks": [],
          "afterHooks": [],
          "tests": [
            {
              "title": "Google Search",
              "fullTitle": "Google Navigation Google Search",
              "timedOut": null,
              "duration": 5855,
              "state": "failed",
              "speed": null,
              "pass": false,
              "fail": true,
              "pending": false,
              "context": null,
              "code": "search.googleSearch('something');\nsearch.clickGoogleSearchButton();\nassert.searchResults.should('exist');",
              "err": {
                "message": "CypressError: Timed out retrying after 4050ms: `cy.click()` failed because this element:\n\n`<input class=\"gNO89b\" value=\"Google Search\" aria-label=\"Google Search\" name=\"btnK\" role=\"button\" tabindex=\"0\" type=\"submit\" data-ved=\"0ahUKEwiHmKvC4b_9AhXbREEAHQfwAaYQ4dUDCA8\">`\n\nis being covered by another element:\n\n`<div class=\"pcTkSc\">...</div>`\n\nFix this problem, or use {force: true} to disable error checking.\n\nhttps://on.cypress.io/element-cannot-be-interacted-with",
                "estack": "CypressError: Timed out retrying after 4050ms: `cy.click()` failed because this element:\n\n`<input class=\"gNO89b\" value=\"Google Search\" aria-label=\"Google Search\" name=\"btnK\" role=\"button\" tabindex=\"0\" type=\"submit\" data-ved=\"0ahUKEwiHmKvC4b_9AhXbREEAHQfwAaYQ4dUDCA8\">`\n\nis being covered by another element:\n\n`<div class=\"pcTkSc\">...</div>`\n\nFix this problem, or use {force: true} to disable error checking.\n\nhttps://on.cypress.io/element-cannot-be-interacted-with\n    at ensureIsDescendent (https://www.google.com/__cypress/runner/cypress_runner.js:130226:76)\n    at ensureDescendents (https://www.google.com/__cypress/runner/cypress_runner.js:130277:5)\n    at ensureDescendentsAndScroll (https://www.google.com/__cypress/runner/cypress_runner.js:130283:14)\n    at ensureElIsNotCovered (https://www.google.com/__cypress/runner/cypress_runner.js:130414:5)\n    at runAllChecks (https://www.google.com/__cypress/runner/cypress_runner.js:130594:52)\n    at retryActionability (https://www.google.com/__cypress/runner/cypress_runner.js:130631:16)\n    at tryCatcher (https://www.google.com/__cypress/runner/cypress_runner.js:8914:23)\n    at Promise.attempt.Promise.try (https://www.google.com/__cypress/runner/cypress_runner.js:6188:29)\n    at whenStable (https://www.google.com/__cypress/runner/cypress_runner.js:146732:65)\n    at <unknown> (https://www.google.com/__cypress/runner/cypress_runner.js:146173:14)\n    at tryCatcher (https://www.google.com/__cypress/runner/cypress_runner.js:8914:23)\n    at Promise._settlePromiseFromHandler (https://www.google.com/__cypress/runner/cypress_runner.js:6849:31)\n    at Promise._settlePromise (https://www.google.com/__cypress/runner/cypress_runner.js:6906:18)\n    at Promise._settlePromise0 (https://www.google.com/__cypress/runner/cypress_runner.js:6951:10)\n    at Promise._settlePromises (https://www.google.com/__cypress/runner/cypress_runner.js:7031:18)\n    at Promise._fulfill (https://www.google.com/__cypress/runner/cypress_runner.js:6975:18)\n    at <unknown> (https://www.google.com/__cypress/runner/cypress_runner.js:8589:46)\nFrom Your Spec Code:\n    at ./cypress/pages/page-actions/GoogleSearchPage.ts.GoogleSearchPage.clickGoogleSearchButton (webpack:///./cypress/pages/page-actions/GoogleSearchPage.ts:16:34)\n    at Context.eval (webpack:///./cypress/e2e/testNoPageIndex.cy.ts:20:15)",
                "diff": null
              },
              "uuid": "11b861bd-75ff-406a-8b28-988536cc425e",
              "parentUUID": "10fb72e1-a907-41f2-8fa6-59a6316c02aa",
              "isHook": false,
              "skipped": false
            }
          ],
          "suites": [],
          "passes": [],
          "failures": [
            "11b861bd-75ff-406a-8b28-988536cc425e"
          ],
          "pending": [],
          "skipped": [],
          "duration": 5855,
          "root": false,
          "rootEmpty": false,
          "_timeout": 2000
        }
      ],
      "passes": [],
      "failures": [],
      "pending": [],
      "skipped": [],
      "duration": 0,
      "root": true,
      "rootEmpty": true,
      "_timeout": 2000
    }
  ],
  "meta": {
    "mocha": {
      "version": "7.0.1"
    },
    "mochawesome": {
      "options": {
        "quiet": false,
        "reportFilename": "mochawesome",
        "saveHtml": false,
        "saveJson": true,
        "consoleReporter": "spec",
        "useInlineDiffs": false,
        "code": true
      },
      "version": "7.1.3"
    },
    "marge": {
      "options": {
        "reportDir": "cypress/reports/mocha",
        "quite": true,
        "overwrite": false,
        "html": false,
        "json": true
      },
      "version": "6.2.0"
    }
  }
}